#
# There is insufficient memory for the Java Runtime Environment to continue.
# Native memory allocation (mmap) failed to map 65536 bytes for Failed to commit metaspace.
# Possible reasons:
#   The system is out of physical RAM or swap space
#   The process is running with CompressedOops enabled, and the Java Heap may be blocking the growth of the native heap
# Possible solutions:
#   Reduce memory load on the system
#   Increase physical memory or swap space
#   Check if swap backing store is full
#   Decrease Java heap size (-Xmx/-Xms)
#   Decrease number of Java threads
#   Decrease Java thread stack sizes (-Xss)
#   Set larger code cache with -XX:ReservedCodeCacheSize=
#   JVM is running with Unscaled Compressed Oops mode in which the Java heap is
#     placed in the first 4GB address space. The Java Heap base address is the
#     maximum limit for the native heap growth. Please use -XX:HeapBaseMinAddress
#     to set the Java Heap base and to place the Java Heap above 4GB virtual address.
# This output file may be truncated or incomplete.
#
#  Out of Memory Error (virtualSpaceNode.cpp:110), pid=4352, tid=13100
#
# JRE version: OpenJDK Runtime Environment Temurin-17.0.1+12 (17.0.1+12) (build 17.0.1+12)
# Java VM: OpenJDK 64-Bit Server VM Temurin-17.0.1+12 (17.0.1+12, mixed mode, emulated-client, tiered, compressed oops, compressed class ptrs, g1 gc, windows-amd64)
# No core dump will be written. Minidumps are not enabled by default on client versions of Windows
#

---------------  S U M M A R Y ------------

Command Line: -Dcom.sun.management.jmxremote -Dcom.sun.management.jmxremote.port=58327 -Dcom.sun.management.jmxremote.authenticate=false -Dcom.sun.management.jmxremote.ssl=false -Djava.rmi.server.hostname=localhost -Dspring.jmx.enabled=true -Dspring.application.admin.enabled=true -XX:TieredStopAtLevel=1 -Dspring.boot.project.name=iTech -Dfile.encoding=UTF-8 -XX:+ShowCodeDetailsInExceptionMessages com.jorgegabriel.itech.ITechApplication --spring.output.ansi.enabled=always

Host: Pentium(R) Dual-Core CPU       T4400  @ 2.20GHz, 2 cores, 3G,  Windows 10 , 64 bit Build 19041 (10.0.19041.1889)
Time: Sat Sep 17 18:59:35 2022 Hora oficial do Brasil elapsed time: 25.667294 seconds (0d 0h 0m 25s)

---------------  T H R E A D  ---------------

Current thread (0x000001f94a79d220):  JavaThread "restartedMain" [_thread_in_vm, id=13100, stack(0x0000005ed6f00000,0x0000005ed7000000)]

Stack: [0x0000005ed6f00000,0x0000005ed7000000]
Native frames: (J=compiled Java code, j=interpreted, Vv=VM code, C=native code)
V  [jvm.dll+0x6744da]
V  [jvm.dll+0x82e144]
V  [jvm.dll+0x82f8ee]
V  [jvm.dll+0x82ff53]
V  [jvm.dll+0x245175]
V  [jvm.dll+0x82a0eb]
V  [jvm.dll+0x619566]
V  [jvm.dll+0x1bff1e]
V  [jvm.dll+0x61beb1]
V  [jvm.dll+0x619f06]
V  [jvm.dll+0x62ab29]
V  [jvm.dll+0x623e54]
V  [jvm.dll+0x37ee11]
C  0x000001f941fdc17b

Java frames: (J=compiled Java code, j=interpreted, Vv=VM code)
j  com.fasterxml.classmate.AnnotationInclusion.<clinit>()V+0
v  ~StubRoutines::call_stub
j  com.fasterxml.classmate.ResolvedTypeWithMembers.<clinit>()V+32
v  ~StubRoutines::call_stub
j  com.fasterxml.classmate.MemberResolver.resolve(Lcom/fasterxml/classmate/ResolvedType;Lcom/fasterxml/classmate/AnnotationConfiguration;Lcom/fasterxml/classmate/AnnotationOverrides;)Lcom/fasterxml/classmate/ResolvedTypeWithMembers;+315
j  org.hibernate.validator.internal.util.ExecutableHelper.instanceMethodParametersResolveToSameTypes(Ljava/lang/Class;Ljava/lang/reflect/Method;Ljava/lang/reflect/Method;)Z+59
j  org.hibernate.validator.internal.util.ExecutableHelper.isResolvedToSameMethodInHierarchy(Ljava/lang/Class;Ljava/lang/reflect/Method;Ljava/lang/reflect/Method;)Z+176
j  org.hibernate.validator.internal.properties.javabean.JavaBeanExecutable.isResolvedToSameMethodInHierarchy(Lorg/hibernate/validator/internal/util/ExecutableHelper;Ljava/lang/Class;Lorg/hibernate/validator/internal/properties/Callable;)Z+19
j  org.hibernate.validator.internal.metadata.aggregated.ExecutableMetaData$Builder.isResolvedToSameMethodInHierarchy(Lorg/hibernate/validator/internal/properties/Callable;Lorg/hibernate/validator/internal/properties/Callable;)Z+32
j  org.hibernate.validator.internal.metadata.aggregated.ExecutableMetaData$Builder.accepts(Lorg/hibernate/validator/internal/metadata/raw/ConstrainedElement;)Z+29
j  org.hibernate.validator.internal.metadata.aggregated.BeanMetaDataBuilder$BuilderDelegate.add(Lorg/hibernate/validator/internal/metadata/raw/ConstrainedElement;)Z+14
j  org.hibernate.validator.internal.metadata.aggregated.BeanMetaDataBuilder.addMetaDataToBuilder(Lorg/hibernate/validator/internal/metadata/raw/ConstrainedElement;Ljava/util/Set;)V+30
j  org.hibernate.validator.internal.metadata.aggregated.BeanMetaDataBuilder.add(Lorg/hibernate/validator/internal/metadata/raw/BeanConfiguration;)V+143
j  org.hibernate.validator.internal.metadata.BeanMetaDataManagerImpl.createBeanMetaData(Ljava/lang/Class;)Lorg/hibernate/validator/internal/metadata/aggregated/BeanMetaDataImpl;+94
j  org.hibernate.validator.internal.metadata.BeanMetaDataManagerImpl.getBeanMetaData(Ljava/lang/Class;)Lorg/hibernate/validator/internal/metadata/aggregated/BeanMetaData;+43
j  org.hibernate.validator.internal.engine.ValidatorImpl.getConstraintsForClass(Ljava/lang/Class;)Ljavax/validation/metadata/BeanDescriptor;+5
j  org.hibernate.cfg.beanvalidation.TypeSafeActivator.applyDDL(Ljava/lang/String;Lorg/hibernate/mapping/PersistentClass;Ljava/lang/Class;Ljavax/validation/ValidatorFactory;Ljava/util/Set;ZLorg/hibernate/dialect/Dialect;)V+7
j  org.hibernate.cfg.beanvalidation.TypeSafeActivator.applyRelationalConstraints(Ljavax/validation/ValidatorFactory;Ljava/util/Collection;Ljava/util/Map;Lorg/hibernate/dialect/Dialect;Lorg/hibernate/boot/spi/ClassLoaderAccess;)V+117
j  org.hibernate.cfg.beanvalidation.TypeSafeActivator.applyRelationalConstraints(Ljavax/validation/ValidatorFactory;Lorg/hibernate/cfg/beanvalidation/ActivationContext;)V+147
j  org.hibernate.cfg.beanvalidation.TypeSafeActivator.activate(Lorg/hibernate/cfg/beanvalidation/ActivationContext;)V+78
v  ~StubRoutines::call_stub
J 2647  jdk.internal.reflect.NativeMethodAccessorImpl.invoke0(Ljava/lang/reflect/Method;Ljava/lang/Object;[Ljava/lang/Object;)Ljava/lang/Object; java.base@17.0.1 (0 bytes) @ 0x000001f94255ec9f [0x000001f94255ec20+0x000000000000007f]
J 2646 c1 jdk.internal.reflect.NativeMethodAccessorImpl.invoke(Ljava/lang/Object;[Ljava/lang/Object;)Ljava/lang/Object; java.base@17.0.1 (137 bytes) @ 0x000001f94255e56c [0x000001f94255e280+0x00000000000002ec]
J 2626 c1 jdk.internal.reflect.DelegatingMethodAccessorImpl.invoke(Ljava/lang/Object;[Ljava/lang/Object;)Ljava/lang/Object; java.base@17.0.1 (10 bytes) @ 0x000001f942557ce4 [0x000001f942557ca0+0x0000000000000044]
J 2642 c1 java.lang.reflect.Method.invoke(Ljava/lang/Object;[Ljava/lang/Object;)Ljava/lang/Object; java.base@17.0.1 (65 bytes) @ 0x000001f94255cfd4 [0x000001f94255cee0+0x00000000000000f4]
j  org.hibernate.cfg.beanvalidation.BeanValidationIntegrator.integrate(Lorg/hibernate/boot/Metadata;Lorg/hibernate/engine/spi/SessionFactoryImplementor;Lorg/hibernate/service/spi/SessionFactoryServiceRegistry;)V+181
j  org.hibernate.internal.SessionFactoryImpl.<init>(Lorg/hibernate/boot/spi/MetadataImplementor;Lorg/hibernate/boot/spi/SessionFactoryOptions;Lorg/hibernate/engine/query/spi/QueryPlanCache$QueryPlanCreator;)V+653
j  org.hibernate.boot.internal.SessionFactoryBuilderImpl.build()Lorg/hibernate/SessionFactory;+64
j  org.hibernate.jpa.boot.internal.EntityManagerFactoryBuilderImpl.build()Ljavax/persistence/EntityManagerFactory;+22
j  org.springframework.orm.jpa.vendor.SpringHibernateJpaPersistenceProvider.createContainerEntityManagerFactory(Ljavax/persistence/spi/PersistenceUnitInfo;Ljava/util/Map;)Ljavax/persistence/EntityManagerFactory;+55
j  org.springframework.orm.jpa.LocalContainerEntityManagerFactoryBean.createNativeEntityManagerFactory()Ljavax/persistence/EntityManagerFactory;+129
j  org.springframework.orm.jpa.AbstractEntityManagerFactoryBean.buildNativeEntityManagerFactory()Ljavax/persistence/EntityManagerFactory;+1
j  org.springframework.orm.jpa.AbstractEntityManagerFactoryBean.afterPropertiesSet()V+192
j  org.springframework.orm.jpa.LocalContainerEntityManagerFactoryBean.afterPropertiesSet()V+77
j  org.springframework.beans.factory.support.AbstractAutowireCapableBeanFactory.invokeInitMethods(Ljava/lang/String;Ljava/lang/Object;Lorg/springframework/beans/factory/support/RootBeanDefinition;)V+106
j  org.springframework.beans.factory.support.AbstractAutowireCapableBeanFactory.initializeBean(Ljava/lang/String;Ljava/lang/Object;Lorg/springframework/beans/factory/support/RootBeanDefinition;)Ljava/lang/Object;+59
j  org.springframework.beans.factory.support.AbstractAutowireCapableBeanFactory.doCreateBean(Ljava/lang/String;Lorg/springframework/beans/factory/support/RootBeanDefinition;[Ljava/lang/Object;)Ljava/lang/Object;+245
j  org.springframework.beans.factory.support.AbstractAutowireCapableBeanFactory.createBean(Ljava/lang/String;Lorg/springframework/beans/factory/support/RootBeanDefinition;[Ljava/lang/Object;)Ljava/lang/Object;+169
j  org.springframework.beans.factory.support.AbstractBeanFactory.lambda$doGetBean$0(Ljava/lang/String;Lorg/springframework/beans/factory/support/RootBeanDefinition;[Ljava/lang/Object;)Ljava/lang/Object;+4
j  org.springframework.beans.factory.support.AbstractBeanFactory$$Lambda$335+0x00000001002ca118.getObject()Ljava/lang/Object;+16
j  org.springframework.beans.factory.support.DefaultSingletonBeanRegistry.getSingleton(Ljava/lang/String;Lorg/springframework/beans/factory/ObjectFactory;)Ljava/lang/Object;+132
J 3357 c1 org.springframework.beans.factory.support.AbstractBeanFactory.doGetBean(Ljava/lang/String;Ljava/lang/Class;[Ljava/lang/Object;Z)Ljava/lang/Object; (832 bytes) @ 0x000001f942682034 [0x000001f942681a80+0x00000000000005b4]
j  org.springframework.beans.factory.support.AbstractBeanFactory.getBean(Ljava/lang/String;)Ljava/lang/Object;+5
j  org.springframework.context.support.AbstractApplicationContext.getBean(Ljava/lang/String;)Ljava/lang/Object;+9
j  org.springframework.context.support.AbstractApplicationContext.finishBeanFactoryInitialization(Lorg/springframework/beans/factory/config/ConfigurableListableBeanFactory;)V+100
j  org.springframework.context.support.AbstractApplicationContext.refresh()V+86
j  org.springframework.boot.web.servlet.context.ServletWebServerApplicationContext.refresh()V+1
j  org.springframework.boot.SpringApplication.refresh(Lorg/springframework/context/ConfigurableApplicationContext;)V+1
j  org.springframework.boot.SpringApplication.refreshContext(Lorg/springframework/context/ConfigurableApplicationContext;)V+16
j  org.springframework.boot.SpringApplication.run([Ljava/lang/String;)Lorg/springframework/context/ConfigurableApplicationContext;+107
j  org.springframework.boot.SpringApplication.run([Ljava/lang/Class;[Ljava/lang/String;)Lorg/springframework/context/ConfigurableApplicationContext;+9
j  org.springframework.boot.SpringApplication.run(Ljava/lang/Class;[Ljava/lang/String;)Lorg/springframework/context/ConfigurableApplicationContext;+9
j  com.jorgegabriel.itech.ITechApplication.main([Ljava/lang/String;)V+3
v  ~StubRoutines::call_stub
j  jdk.internal.reflect.NativeMethodAccessorImpl.invoke0(Ljava/lang/reflect/Method;Ljava/lang/Object;[Ljava/lang/Object;)Ljava/lang/Object;+0 java.base@17.0.1
j  jdk.internal.reflect.NativeMethodAccessorImpl.invoke(Ljava/lang/Object;[Ljava/lang/Object;)Ljava/lang/Object;+133 java.base@17.0.1
j  jdk.internal.reflect.DelegatingMethodAccessorImpl.invoke(Ljava/lang/Object;[Ljava/lang/Object;)Ljava/lang/Object;+6 java.base@17.0.1
j  java.lang.reflect.Method.invoke(Ljava/lang/Object;[Ljava/lang/Object;)Ljava/lang/Object;+59 java.base@17.0.1
j  org.springframework.boot.devtools.restart.RestartLauncher.run()V+42
v  ~StubRoutines::call_stub

---------------  P R O C E S S  ---------------

Threads class SMR info:
_java_thread_list=0x000001f94bb00500, length=27, elements={
0x000001f93e92e490, 0x000001f9491fcf00, 0x000001f9491fe180, 0x000001f9492583b0,
0x000001f949258f30, 0x000001f94925a800, 0x000001f94925e5c0, 0x000001f94925ef30,
0x000001f949260840, 0x000001f949ccdf90, 0x000001f949d715d0, 0x000001f94a340910,
0x000001f94a340de0, 0x000001f94a544140, 0x000001f94a5803c0, 0x000001f94a5ab6a0,
0x000001f94a5abb70, 0x000001f94a57f3e0, 0x000001f94a79e560, 0x000001f94a79d220,
0x000001f94a79d6f0, 0x000001f94a79ba10, 0x000001f94a79dbc0, 0x000001f94a79ea30,
0x000001f94a79b070, 0x000001f94a79c880, 0x000001f94baf57d0
}

Java Threads: ( => current thread )
  0x000001f93e92e490 JavaThread "main" [_thread_blocked, id=6456, stack(0x0000005ed5300000,0x0000005ed5400000)]
  0x000001f9491fcf00 JavaThread "Reference Handler" daemon [_thread_blocked, id=12124, stack(0x0000005ed5a00000,0x0000005ed5b00000)]
  0x000001f9491fe180 JavaThread "Finalizer" daemon [_thread_blocked, id=2344, stack(0x0000005ed5b00000,0x0000005ed5c00000)]
  0x000001f9492583b0 JavaThread "Signal Dispatcher" daemon [_thread_blocked, id=9512, stack(0x0000005ed5c00000,0x0000005ed5d00000)]
  0x000001f949258f30 JavaThread "Attach Listener" daemon [_thread_blocked, id=12456, stack(0x0000005ed5d00000,0x0000005ed5e00000)]
  0x000001f94925a800 JavaThread "Service Thread" daemon [_thread_blocked, id=8256, stack(0x0000005ed5e00000,0x0000005ed5f00000)]
  0x000001f94925e5c0 JavaThread "Monitor Deflation Thread" daemon [_thread_blocked, id=13788, stack(0x0000005ed5f00000,0x0000005ed6000000)]
  0x000001f94925ef30 JavaThread "C1 CompilerThread0" daemon [_thread_blocked, id=4232, stack(0x0000005ed6000000,0x0000005ed6100000)]
  0x000001f949260840 JavaThread "Sweeper thread" daemon [_thread_blocked, id=12660, stack(0x0000005ed6100000,0x0000005ed6200000)]
  0x000001f949ccdf90 JavaThread "Common-Cleaner" daemon [_thread_blocked, id=8268, stack(0x0000005ed6200000,0x0000005ed6300000)]
  0x000001f949d715d0 JavaThread "Notification Thread" daemon [_thread_blocked, id=4128, stack(0x0000005ed6400000,0x0000005ed6500000)]
  0x000001f94a340910 JavaThread "RMI TCP Accept-0" daemon [_thread_in_native, id=11228, stack(0x0000005ed6600000,0x0000005ed6700000)]
  0x000001f94a340de0 JavaThread "RMI TCP Accept-58327" daemon [_thread_in_native, id=11592, stack(0x0000005ed6700000,0x0000005ed6800000)]
  0x000001f94a544140 JavaThread "RMI TCP Accept-0" daemon [_thread_in_native, id=12984, stack(0x0000005ed6800000,0x0000005ed6900000)]
  0x000001f94a5803c0 JavaThread "RMI TCP Connection(1)-127.0.0.1" daemon [_thread_in_native, id=4492, stack(0x0000005ed6a00000,0x0000005ed6b00000)]
  0x000001f94a5ab6a0 JavaThread "RMI TCP Connection(2)-127.0.0.1" daemon [_thread_in_native, id=2636, stack(0x0000005ed6b00000,0x0000005ed6c00000)]
  0x000001f94a5abb70 JavaThread "RMI Scheduler(0)" daemon [_thread_blocked, id=332, stack(0x0000005ed6c00000,0x0000005ed6d00000)]
  0x000001f94a57f3e0 JavaThread "JMX server connection timeout 20" daemon [_thread_blocked, id=13592, stack(0x0000005ed6d00000,0x0000005ed6e00000)]
  0x000001f94a79e560 JavaThread "Thread-0" [_thread_blocked, id=2104, stack(0x0000005ed6e00000,0x0000005ed6f00000)]
=>0x000001f94a79d220 JavaThread "restartedMain" [_thread_in_vm, id=13100, stack(0x0000005ed6f00000,0x0000005ed7000000)]
  0x000001f94a79d6f0 JavaThread "mysql-cj-abandoned-connection-cleanup" daemon [_thread_blocked, id=14028, stack(0x0000005ed7000000,0x0000005ed7100000)]
  0x000001f94a79ba10 JavaThread "HikariPool-1 housekeeper" daemon [_thread_blocked, id=12632, stack(0x0000005ed7100000,0x0000005ed7200000)]
  0x000001f94a79dbc0 JavaThread "HikariPool-1 connection adder" daemon [_thread_blocked, id=6904, stack(0x0000005ed7200000,0x0000005ed7300000)]
  0x000001f94a79ea30 JavaThread "Catalina-utility-1" [_thread_blocked, id=7020, stack(0x0000005ed7300000,0x0000005ed7400000)]
  0x000001f94a79b070 JavaThread "Catalina-utility-2" [_thread_blocked, id=8120, stack(0x0000005ed7400000,0x0000005ed7500000)]
  0x000001f94a79c880 JavaThread "container-0" [_thread_blocked, id=14308, stack(0x0000005ed7500000,0x0000005ed7600000)]
  0x000001f94baf57d0 JavaThread "C1 CompilerThread1" daemon [_thread_blocked, id=11500, stack(0x0000005ed6300000,0x0000005ed6400000)]

Other Threads:
  0x000001f949216fd0 VMThread "VM Thread" [stack: 0x0000005ed5900000,0x0000005ed5a00000] [id=7340]
  0x000001f93e92f300 WatcherThread [stack: 0x0000005ed6900000,0x0000005ed6a00000] [id=14212]
  0x000001f93e95acc0 GCTaskThread "GC Thread#0" [stack: 0x0000005ed5400000,0x0000005ed5500000] [id=3336]
  0x000001f949ff55d0 GCTaskThread "GC Thread#1" [stack: 0x0000005ed6500000,0x0000005ed6600000] [id=8244]
  0x000001f93e963310 ConcurrentGCThread "G1 Main Marker" [stack: 0x0000005ed5500000,0x0000005ed5600000] [id=12032]
  0x000001f93e963c30 ConcurrentGCThread "G1 Conc#0" [stack: 0x0000005ed5600000,0x0000005ed5700000] [id=7988]
  0x000001f93e9956d0 ConcurrentGCThread "G1 Refine#0" [stack: 0x0000005ed5700000,0x0000005ed5800000] [id=10884]
  0x000001f93e996000 ConcurrentGCThread "G1 Service" [stack: 0x0000005ed5800000,0x0000005ed5900000] [id=11432]

Threads with active compile tasks:

VM state: not at safepoint (normal execution)

VM Mutex/Monitor currently owned by a thread:  ([mutex/lock_event])
[0x000001f93e9266c0] Metaspace_lock - owner thread: 0x000001f94a79d220

Heap address: 0x00000000c4000000, size: 960 MB, Compressed Oops mode: 32-bit

CDS archive(s) not mapped
Compressed class space mapped at: 0x0000000100000000-0x0000000140000000, reserved size: 1073741824
Narrow klass base: 0x0000000000000000, Narrow klass shift: 3, Narrow klass range: 0x140000000

GC Precious Log:
 CPUs: 2 total, 2 available
 Memory: 3839M
 Large Page Support: Disabled
 NUMA Support: Disabled
 Compressed Oops: Enabled (32-bit)
 Heap Region Size: 1M
 Heap Min Capacity: 8M
 Heap Initial Capacity: 60M
 Heap Max Capacity: 960M
 Pre-touch: Disabled
 Parallel Workers: 2
 Concurrent Workers: 1
 Concurrent Refinement Workers: 2
 Periodic GC: Disabled

Heap:
 garbage-first heap   total 61440K, used 45231K [0x00000000c4000000, 0x0000000100000000)
  region size 1024K, 27 young (27648K), 3 survivors (3072K)
 Metaspace       used 53729K, committed 54080K, reserved 1097728K
  class space    used 7084K, committed 7232K, reserved 1048576K

Heap Regions: E=young(eden), S=young(survivor), O=old, HS=humongous(starts), HC=humongous(continues), CS=collection set, F=free, OA=open archive, CA=closed archive, TAMS=top-at-mark-start (previous, next)
|   0|0x00000000c4000000, 0x00000000c4100000, 0x00000000c4100000|100%|HS|  |TAMS 0x00000000c4100000, 0x00000000c4000000| Complete 
|   1|0x00000000c4100000, 0x00000000c4200000, 0x00000000c4200000|100%| O|  |TAMS 0x00000000c4200000, 0x00000000c4100000| Untracked 
|   2|0x00000000c4200000, 0x00000000c4300000, 0x00000000c4300000|100%| O|  |TAMS 0x00000000c4300000, 0x00000000c4200000| Untracked 
|   3|0x00000000c4300000, 0x00000000c4400000, 0x00000000c4400000|100%| O|  |TAMS 0x00000000c4400000, 0x00000000c4300000| Untracked 
|   4|0x00000000c4400000, 0x00000000c4500000, 0x00000000c4500000|100%| O|  |TAMS 0x00000000c4500000, 0x00000000c4400000| Untracked 
|   5|0x00000000c4500000, 0x00000000c4600000, 0x00000000c4600000|100%| O|  |TAMS 0x00000000c4600000, 0x00000000c4500000| Untracked 
|   6|0x00000000c4600000, 0x00000000c4700000, 0x00000000c4700000|100%| O|  |TAMS 0x00000000c4700000, 0x00000000c4600000| Untracked 
|   7|0x00000000c4700000, 0x00000000c4800000, 0x00000000c4800000|100%| O|  |TAMS 0x00000000c4700000, 0x00000000c4700000| Untracked 
|   8|0x00000000c4800000, 0x00000000c4900000, 0x00000000c4900000|100%| O|  |TAMS 0x00000000c4900000, 0x00000000c4800000| Untracked 
|   9|0x00000000c4900000, 0x00000000c4a00000, 0x00000000c4a00000|100%| O|  |TAMS 0x00000000c4a00000, 0x00000000c4900000| Untracked 
|  10|0x00000000c4a00000, 0x00000000c4b00000, 0x00000000c4b00000|100%| O|  |TAMS 0x00000000c4b00000, 0x00000000c4a00000| Untracked 
|  11|0x00000000c4b00000, 0x00000000c4c00000, 0x00000000c4c00000|100%| O|  |TAMS 0x00000000c4bdfc00, 0x00000000c4b00000| Untracked 
|  12|0x00000000c4c00000, 0x00000000c4c4d000, 0x00000000c4d00000| 30%| O|  |TAMS 0x00000000c4c00000, 0x00000000c4c00000| Untracked 
|  13|0x00000000c4d00000, 0x00000000c4e00000, 0x00000000c4e00000|100%| O|  |TAMS 0x00000000c4d00000, 0x00000000c4d00000| Untracked 
|  14|0x00000000c4e00000, 0x00000000c4f00000, 0x00000000c4f00000|100%| O|  |TAMS 0x00000000c4e00000, 0x00000000c4e00000| Untracked 
|  15|0x00000000c4f00000, 0x00000000c5000000, 0x00000000c5000000|100%| O|  |TAMS 0x00000000c4f00000, 0x00000000c4f00000| Untracked 
|  16|0x00000000c5000000, 0x00000000c5100000, 0x00000000c5100000|100%| O|  |TAMS 0x00000000c5000000, 0x00000000c5000000| Untracked 
|  17|0x00000000c5100000, 0x00000000c5200000, 0x00000000c5200000|100%| O|  |TAMS 0x00000000c5100000, 0x00000000c5100000| Untracked 
|  18|0x00000000c5200000, 0x00000000c52f4000, 0x00000000c5300000| 95%| O|  |TAMS 0x00000000c5200000, 0x00000000c5200000| Untracked 
|  19|0x00000000c5300000, 0x00000000c5300000, 0x00000000c5400000|  0%| F|  |TAMS 0x00000000c5300000, 0x00000000c5300000| Untracked 
|  20|0x00000000c5400000, 0x00000000c5400000, 0x00000000c5500000|  0%| F|  |TAMS 0x00000000c5400000, 0x00000000c5400000| Untracked 
|  21|0x00000000c5500000, 0x00000000c5500000, 0x00000000c5600000|  0%| F|  |TAMS 0x00000000c5500000, 0x00000000c5500000| Untracked 
|  22|0x00000000c5600000, 0x00000000c5600000, 0x00000000c5700000|  0%| F|  |TAMS 0x00000000c5600000, 0x00000000c5600000| Untracked 
|  23|0x00000000c5700000, 0x00000000c5700000, 0x00000000c5800000|  0%| F|  |TAMS 0x00000000c5700000, 0x00000000c5700000| Untracked 
|  24|0x00000000c5800000, 0x00000000c5800000, 0x00000000c5900000|  0%| F|  |TAMS 0x00000000c5800000, 0x00000000c5800000| Untracked 
|  25|0x00000000c5900000, 0x00000000c5900000, 0x00000000c5a00000|  0%| F|  |TAMS 0x00000000c5900000, 0x00000000c5900000| Untracked 
|  26|0x00000000c5a00000, 0x00000000c5a00000, 0x00000000c5b00000|  0%| F|  |TAMS 0x00000000c5a00000, 0x00000000c5a00000| Untracked 
|  27|0x00000000c5b00000, 0x00000000c5b00000, 0x00000000c5c00000|  0%| F|  |TAMS 0x00000000c5b00000, 0x00000000c5b00000| Untracked 
|  28|0x00000000c5c00000, 0x00000000c5cead00, 0x00000000c5d00000| 91%| S|CS|TAMS 0x00000000c5c00000, 0x00000000c5c00000| Complete 
|  29|0x00000000c5d00000, 0x00000000c5e00000, 0x00000000c5e00000|100%| S|CS|TAMS 0x00000000c5d00000, 0x00000000c5d00000| Complete 
|  30|0x00000000c5e00000, 0x00000000c5e00000, 0x00000000c5f00000|  0%| F|  |TAMS 0x00000000c5e00000, 0x00000000c5e00000| Untracked 
|  31|0x00000000c5f00000, 0x00000000c5f00000, 0x00000000c6000000|  0%| F|  |TAMS 0x00000000c5f00000, 0x00000000c5f00000| Untracked 
|  32|0x00000000c6000000, 0x00000000c6100000, 0x00000000c6100000|100%| S|CS|TAMS 0x00000000c6000000, 0x00000000c6000000| Complete 
|  33|0x00000000c6100000, 0x00000000c6100000, 0x00000000c6200000|  0%| F|  |TAMS 0x00000000c6100000, 0x00000000c6100000| Untracked 
|  34|0x00000000c6200000, 0x00000000c6200000, 0x00000000c6300000|  0%| F|  |TAMS 0x00000000c6200000, 0x00000000c6200000| Untracked 
|  35|0x00000000c6300000, 0x00000000c6300000, 0x00000000c6400000|  0%| F|  |TAMS 0x00000000c6300000, 0x00000000c6300000| Untracked 
|  36|0x00000000c6400000, 0x00000000c6480800, 0x00000000c6500000| 50%| E|  |TAMS 0x00000000c6400000, 0x00000000c6400000| Complete 
|  37|0x00000000c6500000, 0x00000000c6600000, 0x00000000c6600000|100%| E|CS|TAMS 0x00000000c6500000, 0x00000000c6500000| Complete 
|  38|0x00000000c6600000, 0x00000000c6700000, 0x00000000c6700000|100%| E|CS|TAMS 0x00000000c6600000, 0x00000000c6600000| Complete 
|  39|0x00000000c6700000, 0x00000000c6800000, 0x00000000c6800000|100%| E|CS|TAMS 0x00000000c6700000, 0x00000000c6700000| Complete 
|  40|0x00000000c6800000, 0x00000000c6900000, 0x00000000c6900000|100%| E|CS|TAMS 0x00000000c6800000, 0x00000000c6800000| Complete 
|  41|0x00000000c6900000, 0x00000000c6a00000, 0x00000000c6a00000|100%| E|CS|TAMS 0x00000000c6900000, 0x00000000c6900000| Complete 
|  42|0x00000000c6a00000, 0x00000000c6b00000, 0x00000000c6b00000|100%| E|CS|TAMS 0x00000000c6a00000, 0x00000000c6a00000| Complete 
|  43|0x00000000c6b00000, 0x00000000c6c00000, 0x00000000c6c00000|100%| E|CS|TAMS 0x00000000c6b00000, 0x00000000c6b00000| Complete 
|  44|0x00000000c6c00000, 0x00000000c6d00000, 0x00000000c6d00000|100%| E|CS|TAMS 0x00000000c6c00000, 0x00000000c6c00000| Complete 
|  45|0x00000000c6d00000, 0x00000000c6e00000, 0x00000000c6e00000|100%| E|CS|TAMS 0x00000000c6d00000, 0x00000000c6d00000| Complete 
|  46|0x00000000c6e00000, 0x00000000c6f00000, 0x00000000c6f00000|100%| E|CS|TAMS 0x00000000c6e00000, 0x00000000c6e00000| Complete 
|  47|0x00000000c6f00000, 0x00000000c7000000, 0x00000000c7000000|100%| E|CS|TAMS 0x00000000c6f00000, 0x00000000c6f00000| Complete 
|  48|0x00000000c7000000, 0x00000000c7100000, 0x00000000c7100000|100%| E|CS|TAMS 0x00000000c7000000, 0x00000000c7000000| Complete 
|  49|0x00000000c7100000, 0x00000000c7200000, 0x00000000c7200000|100%| E|CS|TAMS 0x00000000c7100000, 0x00000000c7100000| Complete 
|  50|0x00000000c7200000, 0x00000000c7300000, 0x00000000c7300000|100%| E|CS|TAMS 0x00000000c7200000, 0x00000000c7200000| Complete 
|  51|0x00000000c7300000, 0x00000000c7400000, 0x00000000c7400000|100%| E|CS|TAMS 0x00000000c7300000, 0x00000000c7300000| Complete 
|  52|0x00000000c7400000, 0x00000000c7500000, 0x00000000c7500000|100%| E|CS|TAMS 0x00000000c7400000, 0x00000000c7400000| Complete 
|  53|0x00000000c7500000, 0x00000000c7600000, 0x00000000c7600000|100%| E|CS|TAMS 0x00000000c7500000, 0x00000000c7500000| Complete 
|  54|0x00000000c7600000, 0x00000000c7700000, 0x00000000c7700000|100%| E|CS|TAMS 0x00000000c7600000, 0x00000000c7600000| Complete 
|  65|0x00000000c8100000, 0x00000000c8200000, 0x00000000c8200000|100%| E|CS|TAMS 0x00000000c8100000, 0x00000000c8100000| Complete 
|  66|0x00000000c8200000, 0x00000000c8300000, 0x00000000c8300000|100%| E|CS|TAMS 0x00000000c8200000, 0x00000000c8200000| Complete 
|  67|0x00000000c8300000, 0x00000000c8400000, 0x00000000c8400000|100%| E|CS|TAMS 0x00000000c8300000, 0x00000000c8300000| Complete 
|  68|0x00000000c8400000, 0x00000000c8500000, 0x00000000c8500000|100%| E|CS|TAMS 0x00000000c8400000, 0x00000000c8400000| Complete 
|  76|0x00000000c8c00000, 0x00000000c8d00000, 0x00000000c8d00000|100%| E|CS|TAMS 0x00000000c8c00000, 0x00000000c8c00000| Complete 

Card table byte_map: [0x000001f93e560000,0x000001f93e740000] _byte_map_base: 0x000001f93df40000

Marking Bits (Prev, Next): (CMBitMap*) 0x000001f93e95b1e0, (CMBitMap*) 0x000001f93e95b220
 Prev Bits: [0x000001f9451b0000, 0x000001f9460b0000)
 Next Bits: [0x000001f9460b0000, 0x000001f946fb0000)

Polling page: 0x000001f93c7d0000

Metaspace:

Usage:
  Non-class:     45.55 MB used.
      Class:      6.92 MB used.
       Both:     52.47 MB used.

Virtual space:
  Non-class space:       48.00 MB reserved,      45.75 MB ( 95%) committed,  6 nodes.
      Class space:        1.00 GB reserved,       7.06 MB ( <1%) committed,  1 nodes.
             Both:        1.05 GB reserved,      52.81 MB (  5%) committed. 

Chunk freelists:
   Non-Class:  2.23 MB
       Class:  896.00 KB
        Both:  3.11 MB

MaxMetaspaceSize: unlimited
CompressedClassSpaceSize: 1.00 GB
Initial GC threshold: 21.00 MB
Current GC threshold: 58.88 MB
CDS: off
MetaspaceReclaimPolicy: balanced
 - commit_granule_bytes: 65536.
 - commit_granule_words: 8192.
 - virtual_space_node_default_size: 1048576.
 - enlarge_chunks_in_place: 1.
 - new_chunks_are_fully_committed: 0.
 - uncommit_free_chunks: 1.
 - use_allocation_guard: 0.
 - handle_deallocations: 1.


Internal statistics:

num_allocs_failed_limit: 6.
num_arena_births: 454.
num_arena_deaths: 0.
num_vsnodes_births: 7.
num_vsnodes_deaths: 0.
num_space_committed: 845.
num_space_uncommitted: 0.
num_chunks_returned_to_freelist: 6.
num_chunks_taken_from_freelist: 2084.
num_chunk_merges: 6.
num_chunk_splits: 1445.
num_chunks_enlarged: 1120.
num_purges: 0.
num_inconsistent_stats: 0.

CodeCache: size=49152Kb used=8473Kb max_used=8473Kb free=40678Kb
 bounds [0x000001f941fd0000, 0x000001f942860000, 0x000001f944fd0000]
 total_blobs=4886 nmethods=4302 adapters=510
 compilation: enabled
              stopped_count=0, restarted_count=0
 full_count=0

Compilation events (20 events):
Event: 25.596 Thread 0x000001f94baf57d0 nmethod 4291 0x000001f942142a90 code [0x000001f942142ce0, 0x000001f9421433d8]
Event: 25.596 Thread 0x000001f94925ef30 nmethod 4293 0x000001f942142010 code [0x000001f942142240, 0x000001f942142728]
Event: 25.597 Thread 0x000001f94baf57d0 4294       1       org.hibernate.validator.internal.engine.constraintvalidation.ClassBasedValidatorDescriptor::determineValidationTargets (34 bytes)
Event: 25.598 Thread 0x000001f94baf57d0 nmethod 4294 0x000001f942141490 code [0x000001f9421416c0, 0x000001f942141c48]
Event: 25.610 Thread 0x000001f94925ef30 4295       1       java.util.Arrays$ArrayList::toArray (15 bytes)
Event: 25.610 Thread 0x000001f94925ef30 nmethod 4295 0x000001f942141190 code [0x000001f942141320, 0x000001f942141408]
Event: 25.622 Thread 0x000001f94baf57d0 4296       1       java.lang.Class::getEnclosingMethodInfo (20 bytes)
Event: 25.622 Thread 0x000001f94925ef30 4297       1       java.lang.Class::getEnclosingClass (70 bytes)
Event: 25.622 Thread 0x000001f94baf57d0 nmethod 4296 0x000001f942140d90 code [0x000001f942140f40, 0x000001f9421410d8]
Event: 25.623 Thread 0x000001f94925ef30 nmethod 4297 0x000001f942140610 code [0x000001f942140800, 0x000001f942140b48]
Event: 25.624 Thread 0x000001f94925ef30 4298       1       sun.reflect.annotation.AnnotatedTypeFactory$AnnotatedTypeBaseImpl::<init> (39 bytes)
Event: 25.624 Thread 0x000001f94baf57d0 4299       1       sun.reflect.annotation.TypeAnnotation$LocationInfo::filter (68 bytes)
Event: 25.624 Thread 0x000001f94925ef30 nmethod 4298 0x000001f942140090 code [0x000001f942140240, 0x000001f942140518]
Event: 25.624 Thread 0x000001f94baf57d0 nmethod 4299 0x000001f94213f810 code [0x000001f94213f9e0, 0x000001f94213fd98]
Event: 25.624 Thread 0x000001f94925ef30 4300       1       sun.reflect.annotation.TypeAnnotationParser::mapTypeAnnotations (128 bytes)
Event: 25.624 Thread 0x000001f94baf57d0 4301       1       sun.reflect.annotation.AnnotatedTypeFactory::nestingForType (125 bytes)
Event: 25.625 Thread 0x000001f94baf57d0 nmethod 4301 0x000001f94213eb90 code [0x000001f94213ee00, 0x000001f94213f508]
Event: 25.625 Thread 0x000001f94baf57d0 4302       1       sun.reflect.annotation.AnnotatedTypeFactory::buildAnnotatedType (154 bytes)
Event: 25.626 Thread 0x000001f94925ef30 nmethod 4300 0x000001f94213de90 code [0x000001f94213e100, 0x000001f94213e718]
Event: 25.627 Thread 0x000001f94baf57d0 nmethod 4302 0x000001f94213cb10 code [0x000001f94213cde0, 0x000001f94213d9e8]

GC Heap History (20 events):
Event: 9.511 GC heap before
{Heap before GC invocations=9 (full 0):
 garbage-first heap   total 40960K, used 12507K [0x00000000c4000000, 0x0000000100000000)
  region size 1024K, 4 young (4096K), 3 survivors (3072K)
 Metaspace       used 25350K, committed 25664K, reserved 1073152K
  class space    used 3143K, committed 3264K, reserved 1048576K
}
Event: 9.526 GC heap after
{Heap after GC invocations=10 (full 0):
 garbage-first heap   total 40960K, used 11666K [0x00000000c4000000, 0x0000000100000000)
  region size 1024K, 1 young (1024K), 1 survivors (1024K)
 Metaspace       used 25350K, committed 25664K, reserved 1073152K
  class space    used 3143K, committed 3264K, reserved 1048576K
}
Event: 10.637 GC heap before
{Heap before GC invocations=10 (full 0):
 garbage-first heap   total 40960K, used 30098K [0x00000000c4000000, 0x0000000100000000)
  region size 1024K, 20 young (20480K), 1 survivors (1024K)
 Metaspace       used 28441K, committed 28800K, reserved 1081344K
  class space    used 3469K, committed 3648K, reserved 1048576K
}
Event: 10.645 GC heap after
{Heap after GC invocations=11 (full 0):
 garbage-first heap   total 78848K, used 12145K [0x00000000c4000000, 0x0000000100000000)
  region size 1024K, 1 young (1024K), 1 survivors (1024K)
 Metaspace       used 28441K, committed 28800K, reserved 1081344K
  class space    used 3469K, committed 3648K, reserved 1048576K
}
Event: 11.693 GC heap before
{Heap before GC invocations=11 (full 0):
 garbage-first heap   total 78848K, used 57201K [0x00000000c4000000, 0x0000000100000000)
  region size 1024K, 46 young (47104K), 1 survivors (1024K)
 Metaspace       used 30071K, committed 30336K, reserved 1081344K
  class space    used 3710K, committed 3840K, reserved 1048576K
}
Event: 11.705 GC heap after
{Heap after GC invocations=12 (full 0):
 garbage-first heap   total 78848K, used 12931K [0x00000000c4000000, 0x0000000100000000)
  region size 1024K, 2 young (2048K), 2 survivors (2048K)
 Metaspace       used 30071K, committed 30336K, reserved 1081344K
  class space    used 3710K, committed 3840K, reserved 1048576K
}
Event: 16.050 GC heap before
{Heap before GC invocations=12 (full 0):
 garbage-first heap   total 78848K, used 57987K [0x00000000c4000000, 0x0000000100000000)
  region size 1024K, 46 young (47104K), 2 survivors (2048K)
 Metaspace       used 34513K, committed 34880K, reserved 1081344K
  class space    used 4378K, committed 4544K, reserved 1048576K
}
Event: 16.070 GC heap after
{Heap after GC invocations=13 (full 0):
 garbage-first heap   total 78848K, used 15620K [0x00000000c4000000, 0x0000000100000000)
  region size 1024K, 5 young (5120K), 5 survivors (5120K)
 Metaspace       used 34513K, committed 34880K, reserved 1081344K
  class space    used 4378K, committed 4544K, reserved 1048576K
}
Event: 16.718 GC heap before
{Heap before GC invocations=13 (full 0):
 garbage-first heap   total 78848K, used 22788K [0x00000000c4000000, 0x0000000100000000)
  region size 1024K, 13 young (13312K), 5 survivors (5120K)
 Metaspace       used 35664K, committed 35968K, reserved 1081344K
  class space    used 4589K, committed 4736K, reserved 1048576K
}
Event: 16.740 GC heap after
{Heap after GC invocations=14 (full 0):
 garbage-first heap   total 78848K, used 16692K [0x00000000c4000000, 0x0000000100000000)
  region size 1024K, 4 young (4096K), 4 survivors (4096K)
 Metaspace       used 35664K, committed 35968K, reserved 1081344K
  class space    used 4589K, committed 4736K, reserved 1048576K
}
Event: 18.035 GC heap before
{Heap before GC invocations=15 (full 0):
 garbage-first heap   total 61440K, used 48436K [0x00000000c4000000, 0x0000000100000000)
  region size 1024K, 36 young (36864K), 4 survivors (4096K)
 Metaspace       used 38404K, committed 38784K, reserved 1089536K
  class space    used 4967K, committed 5120K, reserved 1048576K
}
Event: 18.059 GC heap after
{Heap after GC invocations=16 (full 0):
 garbage-first heap   total 61440K, used 18491K [0x00000000c4000000, 0x0000000100000000)
  region size 1024K, 3 young (3072K), 3 survivors (3072K)
 Metaspace       used 38404K, committed 38784K, reserved 1089536K
  class space    used 4967K, committed 5120K, reserved 1048576K
}
Event: 18.273 GC heap before
{Heap before GC invocations=16 (full 0):
 garbage-first heap   total 61440K, used 45115K [0x00000000c4000000, 0x0000000100000000)
  region size 1024K, 30 young (30720K), 3 survivors (3072K)
 Metaspace       used 38725K, committed 39168K, reserved 1089536K
  class space    used 4995K, committed 5184K, reserved 1048576K
}
Event: 18.287 GC heap after
{Heap after GC invocations=17 (full 0):
 garbage-first heap   total 61440K, used 18941K [0x00000000c4000000, 0x0000000100000000)
  region size 1024K, 3 young (3072K), 3 survivors (3072K)
 Metaspace       used 38725K, committed 39168K, reserved 1089536K
  class space    used 4995K, committed 5184K, reserved 1048576K
}
Event: 18.465 GC heap before
{Heap before GC invocations=17 (full 0):
 garbage-first heap   total 61440K, used 45565K [0x00000000c4000000, 0x0000000100000000)
  region size 1024K, 30 young (30720K), 3 survivors (3072K)
 Metaspace       used 38849K, committed 39232K, reserved 1089536K
  class space    used 5008K, committed 5184K, reserved 1048576K
}
Event: 18.478 GC heap after
{Heap after GC invocations=18 (full 0):
 garbage-first heap   total 61440K, used 19383K [0x00000000c4000000, 0x0000000100000000)
  region size 1024K, 1 young (1024K), 1 survivors (1024K)
 Metaspace       used 38849K, committed 39232K, reserved 1089536K
  class space    used 5008K, committed 5184K, reserved 1048576K
}
Event: 20.016 GC heap before
{Heap before GC invocations=18 (full 0):
 garbage-first heap   total 61440K, used 47031K [0x00000000c4000000, 0x0000000100000000)
  region size 1024K, 29 young (29696K), 1 survivors (1024K)
 Metaspace       used 41586K, committed 41984K, reserved 1089536K
  class space    used 5302K, committed 5504K, reserved 1048576K
}
Event: 20.025 GC heap after
{Heap after GC invocations=19 (full 0):
 garbage-first heap   total 61440K, used 20308K [0x00000000c4000000, 0x0000000100000000)
  region size 1024K, 2 young (2048K), 2 survivors (2048K)
 Metaspace       used 41586K, committed 41984K, reserved 1089536K
  class space    used 5302K, committed 5504K, reserved 1048576K
}
Event: 23.031 GC heap before
{Heap before GC invocations=19 (full 0):
 garbage-first heap   total 61440K, used 47956K [0x00000000c4000000, 0x0000000100000000)
  region size 1024K, 29 young (29696K), 2 survivors (2048K)
 Metaspace       used 48020K, committed 48384K, reserved 1097728K
  class space    used 6223K, committed 6400K, reserved 1048576K
}
Event: 23.052 GC heap after
{Heap after GC invocations=20 (full 0):
 garbage-first heap   total 61440K, used 21679K [0x00000000c4000000, 0x0000000100000000)
  region size 1024K, 3 young (3072K), 3 survivors (3072K)
 Metaspace       used 48020K, committed 48384K, reserved 1097728K
  class space    used 6223K, committed 6400K, reserved 1048576K
}

Deoptimization events (12 events):
Event: 1.542 Thread 0x000001f93e92e490 DEOPT PACKING pc=0x000001f9422005f5 sp=0x0000005ed53fd120
Event: 1.542 Thread 0x000001f93e92e490 DEOPT UNPACKING pc=0x000001f942022b24 sp=0x0000005ed53fc590 mode 3
Event: 7.541 Thread 0x000001f94a79c880 DEOPT PACKING pc=0x000001f942475485 sp=0x0000005ed70fc020
Event: 7.541 Thread 0x000001f94a79c880 DEOPT UNPACKING pc=0x000001f942022b24 sp=0x0000005ed70fb580 mode 3
Event: 8.028 Thread 0x000001f94a79d220 DEOPT PACKING pc=0x000001f942496a19 sp=0x0000005ed6ffc9a0
Event: 8.028 Thread 0x000001f94a79d220 DEOPT UNPACKING pc=0x000001f942022b24 sp=0x0000005ed6ffbe80 mode 3
Event: 14.221 Thread 0x000001f94a79d220 DEOPT PACKING pc=0x000001f9424a1994 sp=0x0000005ed6ffcde0
Event: 14.221 Thread 0x000001f94a79d220 DEOPT UNPACKING pc=0x000001f942022b24 sp=0x0000005ed6ffc338 mode 0
Event: 15.733 Thread 0x000001f94a79d220 DEOPT PACKING pc=0x000001f9426c18f5 sp=0x0000005ed6ffc3e0
Event: 15.733 Thread 0x000001f94a79d220 DEOPT UNPACKING pc=0x000001f942022b24 sp=0x0000005ed6ffb850 mode 3
Event: 17.710 Thread 0x000001f94a79d220 DEOPT PACKING pc=0x000001f942751f7d sp=0x0000005ed6ffc8e0
Event: 17.710 Thread 0x000001f94a79d220 DEOPT UNPACKING pc=0x000001f942022b24 sp=0x0000005ed6ffbe48 mode 3

Classes unloaded (0 events):
No events

Classes redefined (0 events):
No events

Internal exceptions (20 events):
Event: 16.507 Thread 0x000001f94a79d220 Exception <a 'java/lang/ClassNotFoundException'{0x00000000c88f70a0}: org/springframework/context/annotation/ImportAwareCustomizer> (0x00000000c88f70a0) 
thrown [e:\jenkins\tmp\workspace\build\src\src\hotspot\share\classfile\systemDictionary.cpp, line 256]
Event: 16.511 Thread 0x000001f94a79d220 Exception <a 'java/lang/ClassNotFoundException'{0x00000000c88fe058}: org/springframework/beans/factory/AwareCustomizer> (0x00000000c88fe058) 
thrown [e:\jenkins\tmp\workspace\build\src\src\hotspot\share\classfile\systemDictionary.cpp, line 256]
Event: 16.663 Thread 0x000001f94a79d220 Exception <a 'java/lang/NoSuchMethodError'{0x00000000c86b01b0}: 'java.lang.Object java.lang.invoke.DirectMethodHandle$Holder.invokeSpecialIFC(java.lang.Object, java.lang.Object, java.lang.Object)'> (0x00000000c86b01b0) 
thrown [e:\jenkins\tmp\workspace\build\src\src\hotspot\share\interpreter\linkResolver.cpp, line 766]
Event: 17.066 Thread 0x000001f94a79d220 Exception <a 'java/lang/NoSuchMethodError'{0x00000000c75b9c68}: 'java.lang.Object java.lang.invoke.DirectMethodHandle$Holder.invokeStatic(java.lang.Object, java.lang.Object, int)'> (0x00000000c75b9c68) 
thrown [e:\jenkins\tmp\workspace\build\src\src\hotspot\share\interpreter\linkResolver.cpp, line 766]
Event: 17.069 Thread 0x000001f94a79d220 Exception <a 'java/lang/NoSuchMethodError'{0x00000000c75c58b0}: 'void java.lang.invoke.DelegatingMethodHandle$Holder.delegate(java.lang.Object, java.lang.Object, int, java.lang.Object)'> (0x00000000c75c58b0) 
thrown [e:\jenkins\tmp\workspace\build\src\src\hotspot\share\interpreter\linkResolver.cpp, line 766]
Event: 17.194 Thread 0x000001f94a79d220 Exception <a 'java/lang/NoSuchMethodError'{0x00000000c7368c38}: 'void java.lang.invoke.DirectMethodHandle$Holder.invokeInterface(java.lang.Object, java.lang.Object, int)'> (0x00000000c7368c38) 
thrown [e:\jenkins\tmp\workspace\build\src\src\hotspot\share\interpreter\linkResolver.cpp, line 766]
Event: 17.213 Thread 0x000001f94a79d220 Exception <a 'java/lang/IncompatibleClassChangeError'{0x00000000c73bf270}: Found class java.lang.Object, but interface was expected> (0x00000000c73bf270) 
thrown [e:\jenkins\tmp\workspace\build\src\src\hotspot\share\interpreter\linkResolver.cpp, line 833]
Event: 17.214 Thread 0x000001f94a79d220 Exception <a 'java/lang/NoSuchMethodError'{0x00000000c73c43f8}: 'void java.lang.invoke.DirectMethodHandle$Holder.invokeStatic(java.lang.Object, int, java.lang.Object)'> (0x00000000c73c43f8) 
thrown [e:\jenkins\tmp\workspace\build\src\src\hotspot\share\interpreter\linkResolver.cpp, line 766]
Event: 17.225 Thread 0x000001f94a79d220 Exception <a 'java/lang/NoSuchMethodError'{0x00000000c73f3be8}: 'int java.lang.invoke.DirectMethodHandle$Holder.invokeSpecial(java.lang.Object, java.lang.Object, int)'> (0x00000000c73f3be8) 
thrown [e:\jenkins\tmp\workspace\build\src\src\hotspot\share\interpreter\linkResolver.cpp, line 766]
Event: 18.138 Thread 0x000001f94a79d220 Exception <a 'sun/nio/fs/WindowsException'{0x00000000c62c8390}> (0x00000000c62c8390) 
thrown [e:\jenkins\tmp\workspace\build\src\src\hotspot\share\prims\jni.cpp, line 516]
Event: 18.140 Thread 0x000001f94a79d220 Exception <a 'sun/nio/fs/WindowsException'{0x00000000c62cdfb8}> (0x00000000c62cdfb8) 
thrown [e:\jenkins\tmp\workspace\build\src\src\hotspot\share\prims\jni.cpp, line 516]
Event: 18.141 Thread 0x000001f94a79d220 Exception <a 'sun/nio/fs/WindowsException'{0x00000000c62ce2a8}> (0x00000000c62ce2a8) 
thrown [e:\jenkins\tmp\workspace\build\src\src\hotspot\share\prims\jni.cpp, line 516]
Event: 18.142 Thread 0x000001f94a79d220 Exception <a 'sun/nio/fs/WindowsException'{0x00000000c62cf320}> (0x00000000c62cf320) 
thrown [e:\jenkins\tmp\workspace\build\src\src\hotspot\share\prims\jni.cpp, line 516]
Event: 18.143 Thread 0x000001f94a79d220 Exception <a 'sun/nio/fs/WindowsException'{0x00000000c62cf678}> (0x00000000c62cf678) 
thrown [e:\jenkins\tmp\workspace\build\src\src\hotspot\share\prims\jni.cpp, line 516]
Event: 18.694 Thread 0x000001f94a79d220 Exception <a 'java/io/FileNotFoundException'{0x00000000c6c0cdd0}> (0x00000000c6c0cdd0) 
thrown [e:\jenkins\tmp\workspace\build\src\src\hotspot\share\prims\jni.cpp, line 516]
Event: 18.822 Thread 0x000001f94a79d220 Exception <a 'java/lang/NoSuchMethodError'{0x00000000c6a2c0d0}: 'int java.lang.invoke.DirectMethodHandle$Holder.invokeInterface(java.lang.Object, java.lang.Object, java.lang.Object, java.lang.Object)'> (0x00000000c6a2c0d0) 
thrown [e:\jenkins\tmp\workspace\build\src\src\hotspot\share\interpreter\linkResolver.cpp, line 766]
Event: 19.575 Thread 0x000001f94a79d220 Exception <a 'java/lang/NoSuchMethodError'{0x00000000c6121730}: 'void java.lang.invoke.DirectMethodHandle$Holder.invokeStaticInit(java.lang.Object, java.lang.Object, java.lang.Object, java.lang.Object, java.lang.Object)'> (0x00000000c6121730) 
thrown [e:\jenkins\tmp\workspace\build\src\src\hotspot\share\interpreter\linkResolver.cpp, line 766]
Event: 20.647 Thread 0x000001f94a79d220 Exception <a 'java/lang/NoSuchMethodError'{0x00000000c7570650}: 'java.lang.Object java.lang.invoke.DirectMethodHandle$Holder.invokeStaticInit(java.lang.Object, java.lang.Object, java.lang.Object, java.lang.Object)'> (0x00000000c7570650) 
thrown [e:\jenkins\tmp\workspace\build\src\src\hotspot\share\interpreter\linkResolver.cpp, line 766]
Event: 20.920 Thread 0x000001f94a79d220 Exception <a 'java/io/FileNotFoundException'{0x00000000c725e4f0}> (0x00000000c725e4f0) 
thrown [e:\jenkins\tmp\workspace\build\src\src\hotspot\share\prims\jni.cpp, line 516]
Event: 25.241 Thread 0x000001f94a79d220 Exception <a 'java/lang/NoSuchMethodError'{0x00000000c6979b18}: 'java.lang.Object java.lang.invoke.DirectMethodHandle$Holder.newInvokeSpecial(java.lang.Object, java.lang.Object, int, java.lang.Object, java.lang.Object)'> (0x00000000c6979b18) 
thrown [e:\jenkins\tmp\workspace\build\src\src\hotspot\share\interpreter\linkResolver.cpp, line 766]

VM Operations (20 events):
Event: 20.015 Executing VM operation: G1CollectForAllocation
Event: 20.025 Executing VM operation: G1CollectForAllocation done
Event: 20.761 Executing VM operation: HandshakeAllThreads
Event: 20.764 Executing VM operation: HandshakeAllThreads done
Event: 20.765 Executing VM operation: HandshakeAllThreads
Event: 20.765 Executing VM operation: HandshakeAllThreads done
Event: 20.932 Executing VM operation: HandshakeAllThreads
Event: 20.932 Executing VM operation: HandshakeAllThreads done
Event: 21.005 Executing VM operation: HandshakeAllThreads
Event: 21.013 Executing VM operation: HandshakeAllThreads done
Event: 21.015 Executing VM operation: HandshakeAllThreads
Event: 21.028 Executing VM operation: HandshakeAllThreads done
Event: 21.028 Executing VM operation: Cleanup
Event: 21.030 Executing VM operation: Cleanup done
Event: 23.030 Executing VM operation: Cleanup
Event: 23.030 Executing VM operation: Cleanup done
Event: 23.031 Executing VM operation: G1CollectForAllocation
Event: 23.052 Executing VM operation: G1CollectForAllocation done
Event: 24.053 Executing VM operation: Cleanup
Event: 24.053 Executing VM operation: Cleanup done

Events (20 events):
Event: 25.209 loading class javax/naming/RefAddr
Event: 25.209 loading class javax/naming/RefAddr done
Event: 25.209 loading class javax/naming/StringRefAddr
Event: 25.210 loading class javax/naming/StringRefAddr done
Event: 25.229 loading class java/io/InvalidObjectException
Event: 25.229 loading class java/io/InvalidObjectException done
Event: 25.335 loading class java/util/concurrent/CompletionStage
Event: 25.336 loading class java/util/concurrent/CompletionStage done
Event: 25.339 loading class java/util/concurrent/CompletableFuture
Event: 25.342 loading class java/util/concurrent/CompletableFuture done
Event: 25.342 loading class java/util/concurrent/CompletableFuture$AltResult
Event: 25.342 loading class java/util/concurrent/CompletableFuture$AltResult done
Event: 25.342 loading class java/util/concurrent/CompletableFuture$ThreadPerTaskExecutor
Event: 25.342 loading class java/util/concurrent/CompletableFuture$ThreadPerTaskExecutor done
Event: 25.342 loading class java/util/concurrent/CompletableFuture$Completion
Event: 25.343 loading class java/util/concurrent/CompletableFuture$AsynchronousCompletionTask
Event: 25.343 loading class java/util/concurrent/CompletableFuture$AsynchronousCompletionTask done
Event: 25.343 loading class java/util/concurrent/ForkJoinTask
Event: 25.344 loading class java/util/concurrent/ForkJoinTask done
Event: 25.344 loading class java/util/concurrent/CompletableFuture$Completion done


Dynamic libraries:
0x00007ff7073d0000 - 0x00007ff7073de000 	C:\sts-4.13.0.RELEASE\plugins\org.eclipse.justj.openjdk.hotspot.jre.full.win32.x86_64_17.0.1.v20211116-1657\jre\bin\javaw.exe
0x00007ffe5edf0000 - 0x00007ffe5efe8000 	C:\Windows\SYSTEM32\ntdll.dll
0x00007ffe5e0e0000 - 0x00007ffe5e19d000 	C:\Windows\System32\KERNEL32.DLL
0x00007ffe5cb50000 - 0x00007ffe5ce1e000 	C:\Windows\System32\KERNELBASE.dll
0x00007ffe5c7b0000 - 0x00007ffe5c8b0000 	C:\Windows\System32\ucrtbase.dll
0x00007ffe57f20000 - 0x00007ffe57f38000 	C:\sts-4.13.0.RELEASE\plugins\org.eclipse.justj.openjdk.hotspot.jre.full.win32.x86_64_17.0.1.v20211116-1657\jre\bin\jli.dll
0x00007ffe5df40000 - 0x00007ffe5e0e0000 	C:\Windows\System32\USER32.dll
0x00007ffe5c4e0000 - 0x00007ffe5c502000 	C:\Windows\System32\win32u.dll
0x00007ffe5df10000 - 0x00007ffe5df3a000 	C:\Windows\System32\GDI32.dll
0x00007ffe5c6a0000 - 0x00007ffe5c7ab000 	C:\Windows\System32\gdi32full.dll
0x00007ffe5ca00000 - 0x00007ffe5ca9d000 	C:\Windows\System32\msvcp_win.dll
0x00007ffe46070000 - 0x00007ffe46089000 	C:\sts-4.13.0.RELEASE\plugins\org.eclipse.justj.openjdk.hotspot.jre.full.win32.x86_64_17.0.1.v20211116-1657\jre\bin\VCRUNTIME140.dll
0x00007ffe51f70000 - 0x00007ffe5220a000 	C:\Windows\WinSxS\amd64_microsoft.windows.common-controls_6595b64144ccf1df_6.0.19041.1110_none_60b5254171f9507e\COMCTL32.dll
0x00007ffe5ce20000 - 0x00007ffe5cebe000 	C:\Windows\System32\msvcrt.dll
0x00007ffe5dba0000 - 0x00007ffe5dbd0000 	C:\Windows\System32\IMM32.DLL
0x00007ffe52ed0000 - 0x00007ffe52edc000 	C:\sts-4.13.0.RELEASE\plugins\org.eclipse.justj.openjdk.hotspot.jre.full.win32.x86_64_17.0.1.v20211116-1657\jre\bin\vcruntime140_1.dll
0x00007ffe3c640000 - 0x00007ffe3c6d1000 	C:\sts-4.13.0.RELEASE\plugins\org.eclipse.justj.openjdk.hotspot.jre.full.win32.x86_64_17.0.1.v20211116-1657\jre\bin\msvcp140.dll
0x00007ffe1ef80000 - 0x00007ffe1fbc6000 	C:\sts-4.13.0.RELEASE\plugins\org.eclipse.justj.openjdk.hotspot.jre.full.win32.x86_64_17.0.1.v20211116-1657\jre\bin\server\jvm.dll
0x00007ffe5d870000 - 0x00007ffe5d91e000 	C:\Windows\System32\ADVAPI32.dll
0x00007ffe5dd90000 - 0x00007ffe5de2c000 	C:\Windows\System32\sechost.dll
0x00007ffe5e880000 - 0x00007ffe5e9a5000 	C:\Windows\System32\RPCRT4.dll
0x00007ffe5dd80000 - 0x00007ffe5dd88000 	C:\Windows\System32\PSAPI.DLL
0x00007ffe4b550000 - 0x00007ffe4b559000 	C:\Windows\SYSTEM32\WSOCK32.dll
0x00007ffe5e9b0000 - 0x00007ffe5ea1b000 	C:\Windows\System32\WS2_32.dll
0x00007ffe52210000 - 0x00007ffe52237000 	C:\Windows\SYSTEM32\WINMM.dll
0x00007ffe53230000 - 0x00007ffe5323a000 	C:\Windows\SYSTEM32\VERSION.dll
0x00007ffe5a3d0000 - 0x00007ffe5a3e2000 	C:\Windows\SYSTEM32\kernel.appcore.dll
0x00007ffe49580000 - 0x00007ffe4958a000 	C:\sts-4.13.0.RELEASE\plugins\org.eclipse.justj.openjdk.hotspot.jre.full.win32.x86_64_17.0.1.v20211116-1657\jre\bin\jimage.dll
0x00007ffe4e240000 - 0x00007ffe4e424000 	C:\Windows\SYSTEM32\DBGHELP.DLL
0x00007ffe4e210000 - 0x00007ffe4e23c000 	C:\Windows\SYSTEM32\dbgcore.DLL
0x00007ffe5c970000 - 0x00007ffe5c9f2000 	C:\Windows\System32\bcryptPrimitives.dll
0x00007ffe3c320000 - 0x00007ffe3c345000 	C:\sts-4.13.0.RELEASE\plugins\org.eclipse.justj.openjdk.hotspot.jre.full.win32.x86_64_17.0.1.v20211116-1657\jre\bin\java.dll
0x00007ffe45920000 - 0x00007ffe45938000 	C:\sts-4.13.0.RELEASE\plugins\org.eclipse.justj.openjdk.hotspot.jre.full.win32.x86_64_17.0.1.v20211116-1657\jre\bin\zip.dll
0x00007ffe5d0b0000 - 0x00007ffe5d7f3000 	C:\Windows\System32\SHELL32.dll
0x00007ffe5a5d0000 - 0x00007ffe5ad65000 	C:\Windows\SYSTEM32\windows.storage.dll
0x00007ffe5ea20000 - 0x00007ffe5ed74000 	C:\Windows\System32\combase.dll
0x00007ffe5bf40000 - 0x00007ffe5bf70000 	C:\Windows\SYSTEM32\Wldp.dll
0x00007ffe5d000000 - 0x00007ffe5d0ad000 	C:\Windows\System32\SHCORE.dll
0x00007ffe5e350000 - 0x00007ffe5e3a5000 	C:\Windows\System32\shlwapi.dll
0x00007ffe5c420000 - 0x00007ffe5c43f000 	C:\Windows\SYSTEM32\profapi.dll
0x00007ffe41f60000 - 0x00007ffe41f79000 	C:\sts-4.13.0.RELEASE\plugins\org.eclipse.justj.openjdk.hotspot.jre.full.win32.x86_64_17.0.1.v20211116-1657\jre\bin\net.dll
0x00007ffe50760000 - 0x00007ffe5086a000 	C:\Windows\SYSTEM32\WINHTTP.dll
0x00007ffe5bc50000 - 0x00007ffe5bcba000 	C:\Windows\system32\mswsock.dll
0x00007ffe40080000 - 0x00007ffe40095000 	C:\sts-4.13.0.RELEASE\plugins\org.eclipse.justj.openjdk.hotspot.jre.full.win32.x86_64_17.0.1.v20211116-1657\jre\bin\nio.dll
0x00007ffe47220000 - 0x00007ffe47229000 	C:\sts-4.13.0.RELEASE\plugins\org.eclipse.justj.openjdk.hotspot.jre.full.win32.x86_64_17.0.1.v20211116-1657\jre\bin\management.dll
0x00007ffe46290000 - 0x00007ffe4629b000 	C:\sts-4.13.0.RELEASE\plugins\org.eclipse.justj.openjdk.hotspot.jre.full.win32.x86_64_17.0.1.v20211116-1657\jre\bin\management_ext.dll
0x00007ffe564d0000 - 0x00007ffe564e7000 	C:\Windows\system32\napinsp.dll
0x00007ffe564b0000 - 0x00007ffe564cb000 	C:\Windows\system32\pnrpnsp.dll
0x00007ffe562f0000 - 0x00007ffe56305000 	C:\Windows\system32\wshbth.dll
0x00007ffe57eb0000 - 0x00007ffe57ecd000 	C:\Windows\system32\NLAapi.dll
0x00007ffe5b920000 - 0x00007ffe5b95b000 	C:\Windows\SYSTEM32\IPHLPAPI.DLL
0x00007ffe5b960000 - 0x00007ffe5ba2a000 	C:\Windows\SYSTEM32\DNSAPI.dll
0x00007ffe5d860000 - 0x00007ffe5d868000 	C:\Windows\System32\NSI.dll
0x00007ffe562d0000 - 0x00007ffe562e2000 	C:\Windows\System32\winrnr.dll
0x00007ffe50740000 - 0x00007ffe5074a000 	C:\Windows\System32\rasadhlp.dll
0x00007ffe51000000 - 0x00007ffe51080000 	C:\Windows\System32\fwpuclnt.dll
0x00007ffe5c670000 - 0x00007ffe5c697000 	C:\Windows\System32\bcrypt.dll
0x00007ffe5be90000 - 0x00007ffe5bea8000 	C:\Windows\SYSTEM32\CRYPTSP.dll
0x00007ffe5b550000 - 0x00007ffe5b584000 	C:\Windows\system32\rsaenh.dll
0x00007ffe5c3a0000 - 0x00007ffe5c3ce000 	C:\Windows\SYSTEM32\USERENV.dll
0x00007ffe5beb0000 - 0x00007ffe5bebc000 	C:\Windows\SYSTEM32\CRYPTBASE.dll
0x00007ffe52240000 - 0x00007ffe52257000 	C:\Windows\SYSTEM32\dhcpcsvc6.DLL
0x00007ffe52f50000 - 0x00007ffe52f6d000 	C:\Windows\SYSTEM32\dhcpcsvc.DLL
0x00007ffe49500000 - 0x00007ffe49510000 	C:\sts-4.13.0.RELEASE\plugins\org.eclipse.justj.openjdk.hotspot.jre.full.win32.x86_64_17.0.1.v20211116-1657\jre\bin\verify.dll
0x00007ffe3f1f0000 - 0x00007ffe3f1fe000 	C:\sts-4.13.0.RELEASE\plugins\org.eclipse.justj.openjdk.hotspot.jre.full.win32.x86_64_17.0.1.v20211116-1657\jre\bin\sunmscapi.dll
0x00007ffe5c510000 - 0x00007ffe5c666000 	C:\Windows\System32\CRYPT32.dll
0x00007ffe5bfb0000 - 0x00007ffe5bfd7000 	C:\Windows\SYSTEM32\ncrypt.dll
0x00007ffe5bf70000 - 0x00007ffe5bfab000 	C:\Windows\SYSTEM32\NTASN1.dll

dbghelp: loaded successfully - version: 4.0.5 - missing functions: none
symbol engine: initialized successfully - sym options: 0x614 - pdb path: .;C:\sts-4.13.0.RELEASE\plugins\org.eclipse.justj.openjdk.hotspot.jre.full.win32.x86_64_17.0.1.v20211116-1657\jre\bin;C:\Windows\SYSTEM32;C:\Windows\WinSxS\amd64_microsoft.windows.common-controls_6595b64144ccf1df_6.0.19041.1110_none_60b5254171f9507e;C:\sts-4.13.0.RELEASE\plugins\org.eclipse.justj.openjdk.hotspot.jre.full.win32.x86_64_17.0.1.v20211116-1657\jre\bin\server

VM Arguments:
jvm_args: -Dcom.sun.management.jmxremote -Dcom.sun.management.jmxremote.port=58327 -Dcom.sun.management.jmxremote.authenticate=false -Dcom.sun.management.jmxremote.ssl=false -Djava.rmi.server.hostname=localhost -Dspring.jmx.enabled=true -Dspring.application.admin.enabled=true -XX:TieredStopAtLevel=1 -Dspring.boot.project.name=iTech -Dfile.encoding=UTF-8 -XX:+ShowCodeDetailsInExceptionMessages 
java_command: com.jorgegabriel.itech.ITechApplication --spring.output.ansi.enabled=always
java_class_path (initial): C:\Projetos\iTech\target\classes;C:\Users\jorge\.m2\repository\org\springframework\boot\spring-boot-starter-web\2.7.3\spring-boot-starter-web-2.7.3.jar;C:\Users\jorge\.m2\repository\org\springframework\boot\spring-boot-starter\2.7.3\spring-boot-starter-2.7.3.jar;C:\Users\jorge\.m2\repository\org\springframework\boot\spring-boot-starter-logging\2.7.3\spring-boot-starter-logging-2.7.3.jar;C:\Users\jorge\.m2\repository\ch\qos\logback\logback-classic\1.2.11\logback-classic-1.2.11.jar;C:\Users\jorge\.m2\repository\ch\qos\logback\logback-core\1.2.11\logback-core-1.2.11.jar;C:\Users\jorge\.m2\repository\org\apache\logging\log4j\log4j-to-slf4j\2.17.2\log4j-to-slf4j-2.17.2.jar;C:\Users\jorge\.m2\repository\org\apache\logging\log4j\log4j-api\2.17.2\log4j-api-2.17.2.jar;C:\Users\jorge\.m2\repository\org\slf4j\jul-to-slf4j\1.7.36\jul-to-slf4j-1.7.36.jar;C:\Users\jorge\.m2\repository\jakarta\annotation\jakarta.annotation-api\1.3.5\jakarta.annotation-api-1.3.5.jar;C:\Users\jorge\.m2\repository\org\yaml\snakeyaml\1.30\snakeyaml-1.30.jar;C:\Users\jorge\.m2\repository\org\springframework\boot\spring-boot-starter-json\2.7.3\spring-boot-starter-json-2.7.3.jar;C:\Users\jorge\.m2\repository\com\fasterxml\jackson\datatype\jackson-datatype-jdk8\2.13.3\jackson-datatype-jdk8-2.13.3.jar;C:\Users\jorge\.m2\repository\com\fasterxml\jackson\datatype\jackson-datatype-jsr310\2.13.3\jackson-datatype-jsr310-2.13.3.jar;C:\Users\jorge\.m2\repository\com\fasterxml\jackson\module\jackson-module-parameter-names\2.13.3\jackson-module-parameter-names-2.13.3.jar;C:\Users\jorge\.m2\repository\org\springframework\boot\spring-boot-starter-tomcat\2.7.3\spring-boot-starter-tomcat-2.7.3.jar;C:\Users\jorge\.m2\repository\org\apache\tomcat\embed\tomcat-embed-core\9.0.65\tomcat-embed-core-9.0.65.jar;C:\Users\jorge\.m2\repository\org\apache\tomcat\embed\tomcat-embed-el\9.0.65\tomcat-embed-el-9.0.65.jar;C:\Users\jorge\.m2\repository\org\apache\tomcat\embed\tomcat-embed-websocket\9.0.65\to
Launcher Type: SUN_STANDARD

[Global flags]
     intx CICompilerCount                          = 2                                         {product} {ergonomic}
     uint ConcGCThreads                            = 1                                         {product} {ergonomic}
     uint G1ConcRefinementThreads                  = 2                                         {product} {ergonomic}
   size_t G1HeapRegionSize                         = 1048576                                   {product} {ergonomic}
    uintx GCDrainStackTargetSize                   = 64                                        {product} {ergonomic}
   size_t InitialHeapSize                          = 62914560                                  {product} {ergonomic}
     bool ManagementServer                         = true                                      {product} {command line}
   size_t MarkStackSize                            = 4194304                                   {product} {ergonomic}
   size_t MaxHeapSize                              = 1006632960                                {product} {ergonomic}
   size_t MaxNewSize                               = 603979776                                 {product} {ergonomic}
   size_t MinHeapDeltaBytes                        = 1048576                                   {product} {ergonomic}
   size_t MinHeapSize                              = 8388608                                   {product} {ergonomic}
    uintx NonProfiledCodeHeapSize                  = 0                                      {pd product} {ergonomic}
     bool ProfileInterpreter                       = false                                  {pd product} {command line}
    uintx ProfiledCodeHeapSize                     = 0                                      {pd product} {ergonomic}
     bool ShowCodeDetailsInExceptionMessages       = true                                   {manageable} {command line}
   size_t SoftMaxHeapSize                          = 1006632960                             {manageable} {ergonomic}
     intx TieredStopAtLevel                        = 1                                         {product} {command line}
     bool UseCompressedClassPointers               = true                           {product lp64_product} {ergonomic}
     bool UseCompressedOops                        = true                           {product lp64_product} {ergonomic}
     bool UseG1GC                                  = true                                      {product} {ergonomic}
     bool UseLargePagesIndividualAllocation        = false                                  {pd product} {ergonomic}

Logging:
Log output configuration:
 #0: stdout all=warning uptime,level,tags
 #1: stderr all=off uptime,level,tags

Environment Variables:
JAVA_HOME=C:\Program Files\Java\zulu17.32.13-ca-jdk17.0.2-win_x64
PATH=C:/sts-4.13.0.RELEASE//plugins/org.eclipse.justj.openjdk.hotspot.jre.full.win32.x86_64_17.0.1.v20211116-1657/jre/bin/server;C:/sts-4.13.0.RELEASE//plugins/org.eclipse.justj.openjdk.hotspot.jre.full.win32.x86_64_17.0.1.v20211116-1657/jre/bin;C:\Python310\Scripts\;C:\Python310\;C:\Program Files\Java\zulu17.32.13-ca-jdk17.0.2-win_x64\bin;C:\Windows\system32;C:\Windows;C:\Windows\System32\Wbem;C:\Windows\System32\WindowsPowerShell\v1.0\;C:\Windows\System32\OpenSSH\;C:\Program Files\nodejs\;C:\ProgramData\chocolatey\bin;C:\Program Files\Docker\Docker\resources\bin;C:\ProgramData\DockerDesktop\version-bin;C:\Program Files (x86)\dotnet\;C:\Program Files\Git\cmd;C:\xampp\mysql\bin;C:\Users\jorge\AppData\Local\Microsoft\WindowsApps;C:\Program Files\heroku\bin;C:\Users\jorge\AppData\Roaming\npm;C:\Users\jorge\AppData\Local\Programs\Microsoft VS Code\bin;C:\sts-4.13.0.RELEASE;
USERNAME=jorge
OS=Windows_NT
PROCESSOR_IDENTIFIER=Intel64 Family 6 Model 23 Stepping 10, GenuineIntel



---------------  S Y S T E M  ---------------

OS:
 Windows 10 , 64 bit Build 19041 (10.0.19041.1889)
OS uptime: 0 days 2:49 hours

CPU: total 2 (initial active 2) (2 cores per cpu, 1 threads per core) family 6 model 23 stepping 10 microcode 0xa0c, cx8, cmov, fxsr, mmx, sse, sse2, sse3, ssse3, tsc, clflush

Memory: 4k page, system-wide physical 3839M (267M free)
TotalPageFile size 7678M (AvailPageFile size 2M)
current process WorkingSet (physical memory assigned to process): 175M, peak: 175M
current process commit charge ("private bytes"): 198M, peak: 198M

vm_info: OpenJDK 64-Bit Server VM (17.0.1+12) for windows-amd64 JRE (17.0.1+12), built on Oct 20 2021 07:42:55 by "" with MS VC++ 16.7 (VS2019)

END.
